<?xml version="1.0" encoding="UTF-8"?>
<!-- Generated by org.testng.reporters.JUnitXMLReporter -->
<testsuite hostname="ICEN041-E5470" ignored="0" name="IETest" tests="1" failures="0" timestamp="10 Nov 2017 22:53:50 GMT" time="0.917" errors="0">
  <testcase name="@BeforeTest launchapp" time="0.864" classname="extent.GridDemo">
    <failure type="org.openqa.selenium.WebDriverException" message="The best matching driver provider org.openqa.selenium.edge.EdgeDriver can&amp;apos;t create a new driver instance for Capabilities [{browserName=ie, version=, platform=ANY}]
Build info: version: &amp;apos;3.0.1&amp;apos;, revision: &amp;apos;1969d75&amp;apos;, time: &amp;apos;2016-10-18 09:48:19 -0700&amp;apos;
System info: host: &amp;apos;ICEN041-E5470&amp;apos;, ip: &amp;apos;192.168.1.7&amp;apos;, os.name: &amp;apos;Windows 10&amp;apos;, os.arch: &amp;apos;amd64&amp;apos;, os.version: &amp;apos;10.0&amp;apos;, java.version: &amp;apos;1.8.0_144&amp;apos;
Driver info: driver.version: unknown
Command duration or timeout: 69 milliseconds">
      <![CDATA[org.openqa.selenium.WebDriverException: The best matching driver provider org.openqa.selenium.edge.EdgeDriver can't create a new driver instance for Capabilities [{browserName=ie, version=, platform=ANY}]
Build info: version: '3.0.1', revision: '1969d75', time: '2016-10-18 09:48:19 -0700'
System info: host: 'ICEN041-E5470', ip: '192.168.1.7', os.name: 'Windows 10', os.arch: 'amd64', os.version: '10.0', java.version: '1.8.0_144'
Driver info: driver.version: unknown
Command duration or timeout: 69 milliseconds
	at org.openqa.selenium.remote.ErrorHandler.createThrowable(ErrorHandler.java:214)
	at org.openqa.selenium.remote.ErrorHandler.throwIfResponseFailed(ErrorHandler.java:166)
	at org.openqa.selenium.remote.JsonWireProtocolResponse.lambda$new$0(JsonWireProtocolResponse.java:53)
	at org.openqa.selenium.remote.JsonWireProtocolResponse.lambda$getResponseFunction$2(JsonWireProtocolResponse.java:91)
	at org.openqa.selenium.remote.ProtocolHandshake.lambda$createSession$24(ProtocolHandshake.java:359)
	at java.util.stream.ReferencePipeline$3$1.accept(Unknown Source)
	at java.util.Spliterators$ArraySpliterator.tryAdvance(Unknown Source)
	at java.util.stream.ReferencePipeline.forEachWithCancel(Unknown Source)
	at java.util.stream.AbstractPipeline.copyIntoWithCancel(Unknown Source)
	at java.util.stream.AbstractPipeline.copyInto(Unknown Source)
	at java.util.stream.AbstractPipeline.wrapAndCopyInto(Unknown Source)
	at java.util.stream.FindOps$FindOp.evaluateSequential(Unknown Source)
	at java.util.stream.AbstractPipeline.evaluate(Unknown Source)
	at java.util.stream.ReferencePipeline.findFirst(Unknown Source)
	at org.openqa.selenium.remote.ProtocolHandshake.createSession(ProtocolHandshake.java:362)
	at org.openqa.selenium.remote.ProtocolHandshake.createSession(ProtocolHandshake.java:136)
	at org.openqa.selenium.remote.HttpCommandExecutor.execute(HttpCommandExecutor.java:142)
	at org.openqa.selenium.remote.RemoteWebDriver.execute(RemoteWebDriver.java:586)
	at org.openqa.selenium.remote.RemoteWebDriver.startSession(RemoteWebDriver.java:217)
	at org.openqa.selenium.remote.RemoteWebDriver.<init>(RemoteWebDriver.java:140)
	at org.openqa.selenium.remote.RemoteWebDriver.<init>(RemoteWebDriver.java:153)
	at extent.GridDemo.launchapp(GridDemo.java:54)
	at java.util.concurrent.FutureTask.run(Unknown Source)
	at java.util.concurrent.ThreadPoolExecutor.runWorker(Unknown Source)
	at java.util.concurrent.ThreadPoolExecutor$Worker.run(Unknown Source)
	at java.lang.Thread.run(Unknown Source)
Caused by: org.openqa.selenium.WebDriverException: The best matching driver provider org.openqa.selenium.edge.EdgeDriver can't create a new driver instance for Capabilities [{browserName=ie, version=, platform=ANY}]
Build info: version: '3.0.1', revision: '1969d75', time: '2016-10-18 09:48:19 -0700'
System info: host: 'ICEN041-E5470', ip: '192.168.1.7', os.name: 'Windows 10', os.arch: 'amd64', os.version: '10.0', java.version: '1.8.0_144'
Driver info: driver.version: unknown
Build info: version: '3.6.0', revision: '6fbf3ec767', time: '2017-09-27T15:28:36.4Z'
System info: host: 'ICEN041-E5470', ip: '192.168.1.7', os.name: 'Windows 10', os.arch: 'amd64', os.version: '10.0', java.version: '1.8.0_144'
Driver info: driver.version: unknown
	at org.openqa.selenium.remote.server.DefaultDriverFactory.newInstance(DefaultDriverFactory.java:62)
	at org.openqa.selenium.remote.server.DefaultSession$BrowserCreator.call(DefaultSession.java:222)
	at org.openqa.selenium.remote.server.DefaultSession$BrowserCreator.call(DefaultSession.java:209)
	at java.util.concurrent.FutureTask.run(Unknown Source)
	at org.openqa.selenium.remote.server.DefaultSession$1.run(DefaultSession.java:176)
	... 3 more
... Removed 18 stack frames]]>
    </failure>
  </testcase> <!-- @BeforeTest launchapp -->
  <testcase name="@AfterTest closeBrowser" time="0.0" classname="extent.GridDemo">
    <skipped/>
  </testcase> <!-- @AfterTest closeBrowser -->
  <testcase name="calculatepercent" time="0.0" classname="extent.GridDemo">
    <skipped/>
  </testcase> <!-- calculatepercent -->
</testsuite> <!-- IETest -->
